<?xml version="1.0" encoding="utf-8"?><testsuites name="pytest tests"><testsuite name="pytest" errors="0" failures="1" skipped="0" tests="18" time="1.662" timestamp="2026-01-28T13:05:49.706269+00:00" hostname="agent-env-c2ab64b2-e4c7-4fb7-a002-d92d22b559cb"><testcase classname="backend.tests.test_api.TestHealthCheck" name="test_api_root" time="0.076" /><testcase classname="backend.tests.test_api.TestAuthentication" name="test_login_with_valid_credentials" time="0.043" /><testcase classname="backend.tests.test_api.TestAuthentication" name="test_login_with_invalid_credentials" time="0.041" /><testcase classname="backend.tests.test_api.TestAuthentication" name="test_registration_disabled" time="0.043" /><testcase classname="backend.tests.test_api.TestFAQsAPI" name="test_get_faqs_public" time="0.047" /><testcase classname="backend.tests.test_api.TestFAQsAPI" name="test_create_faq" time="0.131" /><testcase classname="backend.tests.test_api.TestFAQsAPI" name="test_update_faq" time="0.165" /><testcase classname="backend.tests.test_api.TestFAQsAPI" name="test_delete_faq" time="0.205" /><testcase classname="backend.tests.test_api.TestFAQsAPI" name="test_reorder_faqs" time="0.159"><failure message="assert 422 == 200&#10; +  where 422 = &lt;Response [422]&gt;.status_code">backend/tests/test_api.py:161: in test_reorder_faqs
    assert reorder_response.status_code == 200
E   assert 422 == 200
E    +  where 422 = &lt;Response [422]&gt;.status_code</failure></testcase><testcase classname="backend.tests.test_api.TestSocialLinksAPI" name="test_get_social_links" time="0.041" /><testcase classname="backend.tests.test_api.TestProductsAPI" name="test_get_products" time="0.045" /><testcase classname="backend.tests.test_api.TestProductsAPI" name="test_get_products_with_tags" time="0.041" /><testcase classname="backend.tests.test_api.TestProductsAPI" name="test_products_have_sort_order" time="0.041" /><testcase classname="backend.tests.test_api.TestCategoriesAPI" name="test_get_categories" time="0.041" /><testcase classname="backend.tests.test_api.TestPagesAPI" name="test_get_terms_page" time="0.080" /><testcase classname="backend.tests.test_api.TestPagesAPI" name="test_get_about_page" time="0.041" /><testcase classname="backend.tests.test_api.TestPagesAPI" name="test_get_faq_page" time="0.078" /><testcase classname="backend.tests.test_api.TestReviewsAPI" name="test_get_reviews" time="0.188" /></testsuite></testsuites>