<?xml version="1.0" encoding="utf-8"?><testsuites name="pytest tests"><testsuite name="pytest" errors="0" failures="0" skipped="0" tests="18" time="1.383" timestamp="2026-02-08T14:54:37.959248+00:00" hostname="agent-env-e9118e0e-0e55-4110-a96c-430c2aa08aeb"><testcase classname="tests.test_api.TestHealthCheck" name="test_api_root" time="0.074" /><testcase classname="tests.test_api.TestAuthentication" name="test_login_with_valid_credentials" time="0.043" /><testcase classname="tests.test_api.TestAuthentication" name="test_login_with_invalid_credentials" time="0.038" /><testcase classname="tests.test_api.TestAuthentication" name="test_registration_disabled" time="0.040" /><testcase classname="tests.test_api.TestFAQsAPI" name="test_get_faqs_public" time="0.043" /><testcase classname="tests.test_api.TestFAQsAPI" name="test_create_faq" time="0.080" /><testcase classname="tests.test_api.TestFAQsAPI" name="test_update_faq" time="0.159" /><testcase classname="tests.test_api.TestFAQsAPI" name="test_delete_faq" time="0.159" /><testcase classname="tests.test_api.TestFAQsAPI" name="test_reorder_faqs" time="0.114" /><testcase classname="tests.test_api.TestSocialLinksAPI" name="test_get_social_links" time="0.036" /><testcase classname="tests.test_api.TestProductsAPI" name="test_get_products" time="0.039" /><testcase classname="tests.test_api.TestProductsAPI" name="test_get_products_with_tags" time="0.036" /><testcase classname="tests.test_api.TestProductsAPI" name="test_products_have_sort_order" time="0.035" /><testcase classname="tests.test_api.TestCategoriesAPI" name="test_get_categories" time="0.034" /><testcase classname="tests.test_api.TestPagesAPI" name="test_get_terms_page" time="0.040" /><testcase classname="tests.test_api.TestPagesAPI" name="test_get_about_page" time="0.035" /><testcase classname="tests.test_api.TestPagesAPI" name="test_get_faq_page" time="0.080" /><testcase classname="tests.test_api.TestReviewsAPI" name="test_get_reviews" time="0.230" /></testsuite></testsuites>