<?xml version="1.0" encoding="utf-8"?><testsuites name="pytest tests"><testsuite name="pytest" errors="0" failures="1" skipped="0" tests="18" time="1.521" timestamp="2026-02-08T14:53:57.307033+00:00" hostname="agent-env-e9118e0e-0e55-4110-a96c-430c2aa08aeb"><testcase classname="tests.test_api.TestHealthCheck" name="test_api_root" time="0.062" /><testcase classname="tests.test_api.TestAuthentication" name="test_login_with_valid_credentials" time="0.040" /><testcase classname="tests.test_api.TestAuthentication" name="test_login_with_invalid_credentials" time="0.079" /><testcase classname="tests.test_api.TestAuthentication" name="test_registration_disabled" time="0.042" /><testcase classname="tests.test_api.TestFAQsAPI" name="test_get_faqs_public" time="0.048" /><testcase classname="tests.test_api.TestFAQsAPI" name="test_create_faq" time="0.088" /><testcase classname="tests.test_api.TestFAQsAPI" name="test_update_faq" time="0.201" /><testcase classname="tests.test_api.TestFAQsAPI" name="test_delete_faq" time="0.157" /><testcase classname="tests.test_api.TestFAQsAPI" name="test_reorder_faqs" time="0.157" /><testcase classname="tests.test_api.TestSocialLinksAPI" name="test_get_social_links" time="0.036"><failure message="AssertionError: assert False&#10; +  where False = isinstance({'icon': 'facebook', 'id': 'fb', 'platform': 'Facebook', 'url': 'https://facebook.com/gameshopnepal'}, list)">tests/test_api.py:172: in test_get_social_links
    assert isinstance(data, list)
E   AssertionError: assert False
E    +  where False = isinstance({'icon': 'facebook', 'id': 'fb', 'platform': 'Facebook', 'url': 'https://facebook.com/gameshopnepal'}, list)</failure></testcase><testcase classname="tests.test_api.TestProductsAPI" name="test_get_products" time="0.038" /><testcase classname="tests.test_api.TestProductsAPI" name="test_get_products_with_tags" time="0.042" /><testcase classname="tests.test_api.TestProductsAPI" name="test_products_have_sort_order" time="0.037" /><testcase classname="tests.test_api.TestCategoriesAPI" name="test_get_categories" time="0.078" /><testcase classname="tests.test_api.TestPagesAPI" name="test_get_terms_page" time="0.041" /><testcase classname="tests.test_api.TestPagesAPI" name="test_get_about_page" time="0.037" /><testcase classname="tests.test_api.TestPagesAPI" name="test_get_faq_page" time="0.039" /><testcase classname="tests.test_api.TestReviewsAPI" name="test_get_reviews" time="0.151" /></testsuite></testsuites>